<?xml version="1.0" encoding="UTF-8"?>
<!-- Generated by org.testng.reporters.JUnitXMLReporter -->
<testsuite ignored="0" hostname="DESKTOP-HGLIQK3" failures="0" tests="1" name="Test" time="0.524" errors="0" timestamp="2022-09-26T11:15:57 CDT">
  <testcase classname="Pages.PageAlojamiento" name="@BeforeMethod beforeMethod" time="0.313">
    <failure type="java.lang.IllegalStateException" message="The driver executable must exist: C:\Users\Franco\eclipse-workspace\HotelesTest\.\src\test\drivers\chromedriver.exe">
      <![CDATA[java.lang.IllegalStateException: The driver executable must exist: C:\Users\Franco\eclipse-workspace\HotelesTest\.\src\test\drivers\chromedriver.exe
at org.openqa.selenium.internal.Require$FileStateChecker.isFile(Require.java:342)
at org.openqa.selenium.remote.service.DriverService.checkExecutable(DriverService.java:147)
at org.openqa.selenium.remote.service.DriverService.findExecutable(DriverService.java:142)
at org.openqa.selenium.chrome.ChromeDriverService.access$000(ChromeDriverService.java:39)
at org.openqa.selenium.chrome.ChromeDriverService$Builder.findDefaultExecutable(ChromeDriverService.java:233)
at org.openqa.selenium.remote.service.DriverService$Builder.build(DriverService.java:437)
at org.openqa.selenium.chrome.ChromeDriverService.createDefaultService(ChromeDriverService.java:128)
at org.openqa.selenium.chrome.ChromeDriver.<init>(ChromeDriver.java:49)
at testsHotel.HotelBase.DriverConection(HotelBase.java:23)
at Pages.PageAlojamiento.beforeMethod(PageAlojamiento.java:58)
at java.base/java.util.ArrayList.forEach(ArrayList.java:1511)
... Removed 29 stack frames]]>
    </failure>
  </testcase> <!-- @BeforeMethod beforeMethod -->
  <testcase classname="Pages.PageAlojamiento" name="@AfterMethod afterMethod" time="-1.664208957556E9">
    <skipped/>
  </testcase> <!-- @AfterMethod afterMethod -->
  <testcase classname="Pages.PageAlojamiento" name="f" time="0.0">
    <skipped/>
  </testcase> <!-- f -->
</testsuite> <!-- Test -->
